<?xml version="1.0" encoding="UTF-8"?>
<testng-results skipped="0" failed="1" ignored="0" total="1" passed="0">
  <reporter-output>
  </reporter-output>
  <suite name="Default suite" duration-ms="41828" started-at="2019-05-16T10:42:09Z" finished-at="2019-05-16T10:42:51Z">
    <groups>
    </groups>
    <test name="Default test" duration-ms="41828" started-at="2019-05-16T10:42:09Z" finished-at="2019-05-16T10:42:51Z">
      <class name="test.TestCase01">
        <test-method status="PASS" signature="setUp()[pri:0, instance:test.TestCase01@448ff1a8]" name="setUp" is-config="true" duration-ms="7957" started-at="2019-05-16T10:42:09Z" finished-at="2019-05-16T10:42:17Z">
          <reporter-output>
          </reporter-output>
        </test-method> <!-- setUp -->
        <test-method status="FAIL" signature="homeTest()[pri:0, instance:test.TestCase01@448ff1a8]" name="homeTest" duration-ms="31918" started-at="2019-05-16T10:42:17Z" finished-at="2019-05-16T10:42:49Z">
          <exception class="java.lang.ClassCastException">
            <message>
              <![CDATA[org.openqa.selenium.remote.RemoteWebElement cannot be cast to java.lang.Comparable]]>
            </message>
            <full-stacktrace>
              <![CDATA[java.lang.ClassCastException: org.openqa.selenium.remote.RemoteWebElement cannot be cast to java.lang.Comparable
at java.util.Collections$ReverseComparator.compare(Collections.java:5108)
at java.util.TimSort.countRunAndMakeAscending(TimSort.java:355)
at java.util.TimSort.sort(TimSort.java:220)
at java.util.Arrays.sort(Arrays.java:1512)
at java.util.ArrayList.sort(ArrayList.java:1462)
at java.util.Collections.sort(Collections.java:175)
at pages.Property.listOfProperty(Property.java:36)
at test.TestCase01.homeTest(TestCase01.java:15)
at sun.reflect.NativeMethodAccessorImpl.invoke0(Native Method)
at sun.reflect.NativeMethodAccessorImpl.invoke(NativeMethodAccessorImpl.java:62)
at sun.reflect.DelegatingMethodAccessorImpl.invoke(DelegatingMethodAccessorImpl.java:43)
at java.lang.reflect.Method.invoke(Method.java:498)
at org.testng.internal.MethodInvocationHelper.invokeMethod(MethodInvocationHelper.java:124)
at org.testng.internal.Invoker.invokeMethod(Invoker.java:580)
at org.testng.internal.Invoker.invokeTestMethod(Invoker.java:716)
at org.testng.internal.Invoker.invokeTestMethods(Invoker.java:988)
at org.testng.internal.TestMethodWorker.invokeTestMethods(TestMethodWorker.java:125)
at org.testng.internal.TestMethodWorker.run(TestMethodWorker.java:109)
at org.testng.TestRunner.privateRun(TestRunner.java:648)
at org.testng.TestRunner.run(TestRunner.java:505)
at org.testng.SuiteRunner.runTest(SuiteRunner.java:455)
at org.testng.SuiteRunner.runSequentially(SuiteRunner.java:450)
at org.testng.SuiteRunner.privateRun(SuiteRunner.java:415)
at org.testng.SuiteRunner.run(SuiteRunner.java:364)
at org.testng.SuiteRunnerWorker.runSuite(SuiteRunnerWorker.java:52)
at org.testng.SuiteRunnerWorker.run(SuiteRunnerWorker.java:84)
at org.testng.TestNG.runSuitesSequentially(TestNG.java:1208)
at org.testng.TestNG.runSuitesLocally(TestNG.java:1137)
at org.testng.TestNG.runSuites(TestNG.java:1049)
at org.testng.TestNG.run(TestNG.java:1017)
at org.testng.remote.AbstractRemoteTestNG.run(AbstractRemoteTestNG.java:114)
at org.testng.remote.RemoteTestNG.initAndRun(RemoteTestNG.java:251)
at org.testng.remote.RemoteTestNG.main(RemoteTestNG.java:77)
]]>
            </full-stacktrace>
          </exception> <!-- java.lang.ClassCastException -->
          <reporter-output>
          </reporter-output>
        </test-method> <!-- homeTest -->
        <test-method status="PASS" signature="tearDown()[pri:0, instance:test.TestCase01@448ff1a8]" name="tearDown" is-config="true" duration-ms="1" started-at="2019-05-16T10:42:51Z" finished-at="2019-05-16T10:42:51Z">
          <reporter-output>
          </reporter-output>
        </test-method> <!-- tearDown -->
      </class> <!-- test.TestCase01 -->
    </test> <!-- Default test -->
  </suite> <!-- Default suite -->
</testng-results>
